CRITICAL - 2023-09-25 03:01:25 --> Undefined variable $plays
in APPPATH\Views\music.php on line 128.
 1 APPPATH\Views\music.php(128): CodeIgniter\Debug\Exceptions->errorHandler(2, 'Undefined variable $plays', 'C:\\laragon\\www\\Laboratory2\\app\\Views\\music.php', 128)
 2 SYSTEMPATH\View\View.php(226): include('C:\\laragon\\www\\Laboratory2\\app\\Views\\music.php')
 3 SYSTEMPATH\View\View.php(229): CodeIgniter\View\View->CodeIgniter\View\{closure}()
 4 SYSTEMPATH\Common.php(1188): CodeIgniter\View\View->render('music', [], true)
 5 APPPATH\Controllers\MusicController.php(16): view('music', [...])
 6 SYSTEMPATH\CodeIgniter.php(919): App\Controllers\MusicController->index()
 7 SYSTEMPATH\CodeIgniter.php(494): CodeIgniter\CodeIgniter->runController(Object(App\Controllers\MusicController))
 8 SYSTEMPATH\CodeIgniter.php(353): CodeIgniter\CodeIgniter->handleRequest(null, Object(Config\Cache), false)
 9 FCPATH\index.php(79): CodeIgniter\CodeIgniter->run()
10 SYSTEMPATH\Commands\Server\rewrite.php(47): require_once('C:\\laragon\\www\\Laboratory2\\public\\index.php')
ERROR - 2023-09-25 11:34:41 --> Error connecting to the database: mysqli_sql_exception: Unknown database 'music' in C:\laragon\www\Lab02\system\Database\MySQLi\Connection.php:185
Stack trace:
#0 C:\laragon\www\Lab02\system\Database\MySQLi\Connection.php(185): mysqli->real_connect('localhost', 'root', '', 'music', 3306, '', 0)
#1 C:\laragon\www\Lab02\system\Database\BaseConnection.php(391): CodeIgniter\Database\MySQLi\Connection->connect(false)
#2 C:\laragon\www\Lab02\system\Database\BaseConnection.php(574): CodeIgniter\Database\BaseConnection->initialize()
#3 C:\laragon\www\Lab02\system\Database\BaseBuilder.php(1615): CodeIgniter\Database\BaseConnection->query('SELECT *\nFROM `...', Array, false)
#4 C:\laragon\www\Lab02\system\Model.php(237): CodeIgniter\Database\BaseBuilder->get()
#5 C:\laragon\www\Lab02\system\BaseModel.php(624): CodeIgniter\Model->doFindAll(0, 0)
#6 C:\laragon\www\Lab02\app\Controllers\MusicController.php(14): CodeIgniter\BaseModel->findAll()
#7 C:\laragon\www\Lab02\system\CodeIgniter.php(919): App\Controllers\MusicController->index()
#8 C:\laragon\www\Lab02\system\CodeIgniter.php(494): CodeIgniter\CodeIgniter->runController(Object(App\Controllers\MusicController))
#9 C:\laragon\www\Lab02\system\CodeIgniter.php(353): CodeIgniter\CodeIgniter->handleRequest(NULL, Object(Config\Cache), false)
#10 C:\laragon\www\Lab02\public\index.php(79): CodeIgniter\CodeIgniter->run()
#11 C:\laragon\www\Lab02\system\Commands\Server\rewrite.php(47): require_once('C:\\laragon\\www\\...')
#12 {main}

Next CodeIgniter\Database\Exceptions\DatabaseException: Unknown database 'music' in C:\laragon\www\Lab02\system\Database\MySQLi\Connection.php:229
Stack trace:
#0 C:\laragon\www\Lab02\system\Database\BaseConnection.php(391): CodeIgniter\Database\MySQLi\Connection->connect(false)
#1 C:\laragon\www\Lab02\system\Database\BaseConnection.php(574): CodeIgniter\Database\BaseConnection->initialize()
#2 C:\laragon\www\Lab02\system\Database\BaseBuilder.php(1615): CodeIgniter\Database\BaseConnection->query('SELECT *\nFROM `...', Array, false)
#3 C:\laragon\www\Lab02\system\Model.php(237): CodeIgniter\Database\BaseBuilder->get()
#4 C:\laragon\www\Lab02\system\BaseModel.php(624): CodeIgniter\Model->doFindAll(0, 0)
#5 C:\laragon\www\Lab02\app\Controllers\MusicController.php(14): CodeIgniter\BaseModel->findAll()
#6 C:\laragon\www\Lab02\system\CodeIgniter.php(919): App\Controllers\MusicController->index()
#7 C:\laragon\www\Lab02\system\CodeIgniter.php(494): CodeIgniter\CodeIgniter->runController(Object(App\Controllers\MusicController))
#8 C:\laragon\www\Lab02\system\CodeIgniter.php(353): CodeIgniter\CodeIgniter->handleRequest(NULL, Object(Config\Cache), false)
#9 C:\laragon\www\Lab02\public\index.php(79): CodeIgniter\CodeIgniter->run()
#10 C:\laragon\www\Lab02\system\Commands\Server\rewrite.php(47): require_once('C:\\laragon\\www\\...')
#11 {main}
CRITICAL - 2023-09-25 11:34:41 --> Unable to connect to the database.
Main connection [MySQLi]: Unknown database 'music'
in SYSTEMPATH\Database\BaseConnection.php on line 427.
 1 SYSTEMPATH\Database\BaseConnection.php(574): CodeIgniter\Database\BaseConnection->initialize()
 2 SYSTEMPATH\Database\BaseBuilder.php(1615): CodeIgniter\Database\BaseConnection->query('SELECT *
FROM `music_player`', [], false)
 3 SYSTEMPATH\Model.php(237): CodeIgniter\Database\BaseBuilder->get()
 4 SYSTEMPATH\BaseModel.php(624): CodeIgniter\Model->doFindAll(0, 0)
 5 APPPATH\Controllers\MusicController.php(14): CodeIgniter\BaseModel->findAll()
 6 SYSTEMPATH\CodeIgniter.php(919): App\Controllers\MusicController->index()
 7 SYSTEMPATH\CodeIgniter.php(494): CodeIgniter\CodeIgniter->runController(Object(App\Controllers\MusicController))
 8 SYSTEMPATH\CodeIgniter.php(353): CodeIgniter\CodeIgniter->handleRequest(null, Object(Config\Cache), false)
 9 FCPATH\index.php(79): CodeIgniter\CodeIgniter->run()
10 SYSTEMPATH\Commands\Server\rewrite.php(47): require_once('C:\\laragon\\www\\Lab02\\public\\index.php')
CRITICAL - 2023-09-25 11:43:48 --> Undefined variable $data
in APPPATH\Controllers\MusicController.php on line 26.
 1 APPPATH\Controllers\MusicController.php(26): CodeIgniter\Debug\Exceptions->errorHandler(2, 'Undefined variable $data', 'C:\\laragon\\www\\Lab02\\app\\Controllers\\MusicController.php', 26)
 2 SYSTEMPATH\CodeIgniter.php(919): App\Controllers\MusicController->searchsong()
 3 SYSTEMPATH\CodeIgniter.php(494): CodeIgniter\CodeIgniter->runController(Object(App\Controllers\MusicController))
 4 SYSTEMPATH\CodeIgniter.php(353): CodeIgniter\CodeIgniter->handleRequest(null, Object(Config\Cache), false)
 5 FCPATH\index.php(79): CodeIgniter\CodeIgniter->run()
 6 SYSTEMPATH\Commands\Server\rewrite.php(47): require_once('C:\\laragon\\www\\Lab02\\public\\index.php')
